<?xml version="1.0" encoding="UTF-8"?>
<testsuite xmlns:xsi="http://www.w3.org/2001/XMLSchema-instance" xsi:noNamespaceSchemaLocation="https://maven.apache.org/surefire/maven-surefire-plugin/xsd/surefire-test-report.xsd" name="com.matevitsky.service.LoginServiceTest" time="1.629" tests="3" errors="0" skipped="0" failures="0">
  <properties>
[...]
</properties>
  <testcase name="shouldReturnClient" classname="com.matevitsky.service.LoginServiceTest" time="1.33"/>
  <testcase name="shouldReturnAdmin" classname="com.matevitsky.service.LoginServiceTest" time="0.012"/>
  <testcase name="shouldReturnInspector" classname="com.matevitsky.service.LoginServiceTest" time="0.002"/>
</testsuite>